2017-08-06 11:46:32.910  INFO 30403 --- [main] com.huiyong.SpringPointsApplication      : Starting SpringPointsApplication on pugangdembp.cn.ibm.com with PID 30403 (/Users/pugang/git/Points-project/Server/target/classes started by gangpu in /Users/pugang/git/Points-project/Server)
2017-08-06 11:46:32.944  INFO 30403 --- [main] ationConfigEmbeddedWebApplicationContext : Refreshing org.springframework.boot.context.embedded.AnnotationConfigEmbeddedWebApplicationContext@75881071: startup date [Sun Aug 06 11:46:32 CST 2017]; root of context hierarchy
2017-08-06 11:46:33.339  INFO 30403 --- [main] o.s.b.f.s.DefaultListableBeanFactory     : Overriding bean definition for bean 'beanNameViewResolver': replacing [Root bean: class [null]; scope=; abstract=false; lazyInit=false; autowireMode=3; dependencyCheck=0; autowireCandidate=true; primary=false; factoryBeanName=org.springframework.boot.autoconfigure.web.ErrorMvcAutoConfiguration$WhitelabelErrorViewConfiguration; factoryMethodName=beanNameViewResolver; initMethodName=null; destroyMethodName=(inferred); defined in class path resource [org/springframework/boot/autoconfigure/web/ErrorMvcAutoConfiguration$WhitelabelErrorViewConfiguration.class]] with [Root bean: class [null]; scope=; abstract=false; lazyInit=false; autowireMode=3; dependencyCheck=0; autowireCandidate=true; primary=false; factoryBeanName=org.springframework.boot.autoconfigure.web.WebMvcAutoConfiguration$WebMvcAutoConfigurationAdapter; factoryMethodName=beanNameViewResolver; initMethodName=null; destroyMethodName=(inferred); defined in class path resource [org/springframework/boot/autoconfigure/web/WebMvcAutoConfiguration$WebMvcAutoConfigurationAdapter.class]]
2017-08-06 11:46:33.621  INFO 30403 --- [main] trationDelegate$BeanPostProcessorChecker : Bean 'org.springframework.transaction.annotation.ProxyTransactionManagementConfiguration' of type [class org.springframework.transaction.annotation.ProxyTransactionManagementConfiguration$$EnhancerBySpringCGLIB$$828eb67] is not eligible for getting processed by all BeanPostProcessors (for example: not eligible for auto-proxying)
2017-08-06 11:46:33.634  INFO 30403 --- [main] trationDelegate$BeanPostProcessorChecker : Bean 'transactionAttributeSource' of type [class org.springframework.transaction.annotation.AnnotationTransactionAttributeSource] is not eligible for getting processed by all BeanPostProcessors (for example: not eligible for auto-proxying)
2017-08-06 11:46:33.640  INFO 30403 --- [main] trationDelegate$BeanPostProcessorChecker : Bean 'transactionInterceptor' of type [class org.springframework.transaction.interceptor.TransactionInterceptor] is not eligible for getting processed by all BeanPostProcessors (for example: not eligible for auto-proxying)
2017-08-06 11:46:33.642  INFO 30403 --- [main] trationDelegate$BeanPostProcessorChecker : Bean 'org.springframework.transaction.config.internalTransactionAdvisor' of type [class org.springframework.transaction.interceptor.BeanFactoryTransactionAttributeSourceAdvisor] is not eligible for getting processed by all BeanPostProcessors (for example: not eligible for auto-proxying)
2017-08-06 11:46:33.864  INFO 30403 --- [main] s.b.c.e.t.TomcatEmbeddedServletContainer : Tomcat initialized with port(s): 8080 (http)
2017-08-06 11:46:34.023  INFO 30403 --- [main] o.apache.catalina.core.StandardService   : Starting service Tomcat
2017-08-06 11:46:34.023  INFO 30403 --- [main] org.apache.catalina.core.StandardEngine  : Starting Servlet Engine: Apache Tomcat/8.0.20
2017-08-06 11:46:34.093  INFO 30403 --- [localhost-startStop-1] o.a.c.c.C.[.[localhost].[/pointservice]  : Initializing Spring embedded WebApplicationContext
2017-08-06 11:46:34.093  INFO 30403 --- [localhost-startStop-1] o.s.web.context.ContextLoader            : Root WebApplicationContext: initialization completed in 1151 ms
2017-08-06 11:46:34.494  INFO 30403 --- [localhost-startStop-1] o.s.b.c.e.ServletRegistrationBean        : Mapping servlet: 'dispatcherServlet' to [/]
2017-08-06 11:46:34.497  INFO 30403 --- [localhost-startStop-1] o.s.b.c.embedded.FilterRegistrationBean  : Mapping filter: 'characterEncodingFilter' to: [/*]
2017-08-06 11:46:34.497  INFO 30403 --- [localhost-startStop-1] o.s.b.c.embedded.FilterRegistrationBean  : Mapping filter: 'hiddenHttpMethodFilter' to: [/*]
2017-08-06 11:46:34.932  INFO 30403 --- [main] o.s.jdbc.datasource.init.ScriptUtils     : Executing SQL script from URL [file:/Users/pugang/git/Points-project/Server/target/classes/schema.sql]
2017-08-06 11:46:34.939  INFO 30403 --- [main] o.s.jdbc.datasource.init.ScriptUtils     : Executed SQL script from URL [file:/Users/pugang/git/Points-project/Server/target/classes/schema.sql] in 7 ms.
2017-08-06 11:46:35.257  INFO 30403 --- [main] s.w.s.m.m.a.RequestMappingHandlerAdapter : Looking for @ControllerAdvice: org.springframework.boot.context.embedded.AnnotationConfigEmbeddedWebApplicationContext@75881071: startup date [Sun Aug 06 11:46:32 CST 2017]; root of context hierarchy
2017-08-06 11:46:35.298  INFO 30403 --- [main] s.w.s.m.m.a.RequestMappingHandlerMapping : Mapped "{[/paper/{id}],methods=[GET],params=[],headers=[],consumes=[],produces=[application/json;charset=UTF-8],custom=[]}" onto public org.springframework.http.ResponseEntity<?> com.huiyong.controller.PaperController.getPaper(int)
2017-08-06 11:46:35.299  INFO 30403 --- [main] s.w.s.m.m.a.RequestMappingHandlerMapping : Mapped "{[/score/test/test],methods=[GET],params=[],headers=[],consumes=[],produces=[application/json;charset=UTF-8],custom=[]}" onto public org.springframework.http.ResponseEntity<?> com.huiyong.controller.ScoreController.testScore()
2017-08-06 11:46:35.299  INFO 30403 --- [main] s.w.s.m.m.a.RequestMappingHandlerMapping : Mapped "{[/score/{username}],methods=[GET],params=[],headers=[],consumes=[],produces=[application/json;charset=UTF-8],custom=[]}" onto public org.springframework.http.ResponseEntity<?> com.huiyong.controller.ScoreController.getScore(java.lang.String,java.lang.String,java.lang.Boolean)
2017-08-06 11:46:35.299  INFO 30403 --- [main] s.w.s.m.m.a.RequestMappingHandlerMapping : Mapped "{[/score/{username}],methods=[POST],params=[],headers=[],consumes=[],produces=[],custom=[]}" onto public org.springframework.http.ResponseEntity<java.lang.String> com.huiyong.controller.ScoreController.addScore(java.lang.String,com.huiyong.model.Score)
2017-08-06 11:46:35.300  INFO 30403 --- [main] s.w.s.m.m.a.RequestMappingHandlerMapping : Mapped "{[/login],methods=[POST],params=[],headers=[],consumes=[],produces=[application/json;charset=UTF-8],custom=[]}" onto public org.springframework.http.ResponseEntity<?> com.huiyong.controller.UserController.login(com.huiyong.model.User)
2017-08-06 11:46:35.300  INFO 30403 --- [main] s.w.s.m.m.a.RequestMappingHandlerMapping : Mapped "{[/branch/users],methods=[GET],params=[],headers=[],consumes=[],produces=[application/json;charset=UTF-8],custom=[]}" onto public org.springframework.http.ResponseEntity<?> com.huiyong.controller.UserController.getUsers(java.lang.String)
2017-08-06 11:46:35.300  INFO 30403 --- [main] s.w.s.m.m.a.RequestMappingHandlerMapping : Mapped "{[/user],methods=[POST],params=[],headers=[],consumes=[],produces=[],custom=[]}" onto public org.springframework.http.ResponseEntity<?> com.huiyong.controller.UserController.addUser(com.huiyong.model.User)
2017-08-06 11:46:35.301  INFO 30403 --- [main] s.w.s.m.m.a.RequestMappingHandlerMapping : Mapped "{[/error],methods=[],params=[],headers=[],consumes=[],produces=[],custom=[]}" onto public org.springframework.http.ResponseEntity<java.util.Map<java.lang.String, java.lang.Object>> org.springframework.boot.autoconfigure.web.BasicErrorController.error(javax.servlet.http.HttpServletRequest)
2017-08-06 11:46:35.301  INFO 30403 --- [main] s.w.s.m.m.a.RequestMappingHandlerMapping : Mapped "{[/error],methods=[],params=[],headers=[],consumes=[],produces=[text/html],custom=[]}" onto public org.springframework.web.servlet.ModelAndView org.springframework.boot.autoconfigure.web.BasicErrorController.errorHtml(javax.servlet.http.HttpServletRequest)
2017-08-06 11:46:35.319  INFO 30403 --- [main] o.s.w.s.handler.SimpleUrlHandlerMapping  : Mapped URL path [/webjars/**] onto handler of type [class org.springframework.web.servlet.resource.ResourceHttpRequestHandler]
2017-08-06 11:46:35.319  INFO 30403 --- [main] o.s.w.s.handler.SimpleUrlHandlerMapping  : Mapped URL path [/**] onto handler of type [class org.springframework.web.servlet.resource.ResourceHttpRequestHandler]
2017-08-06 11:46:35.340  INFO 30403 --- [main] o.s.w.s.handler.SimpleUrlHandlerMapping  : Mapped URL path [/**/favicon.ico] onto handler of type [class org.springframework.web.servlet.resource.ResourceHttpRequestHandler]
2017-08-06 11:46:35.424  INFO 30403 --- [main] o.s.j.e.a.AnnotationMBeanExporter        : Registering beans for JMX exposure on startup
2017-08-06 11:46:35.480  INFO 30403 --- [main] s.b.c.e.t.TomcatEmbeddedServletContainer : Tomcat started on port(s): 8080 (http)
2017-08-06 11:46:35.481  INFO 30403 --- [main] com.huiyong.SpringPointsApplication      : Started SpringPointsApplication in 2.789 seconds (JVM running for 3.079)
2017-08-06 11:46:41.756  INFO 30403 --- [http-nio-8080-exec-1] o.a.c.c.C.[.[localhost].[/pointservice]  : Initializing Spring FrameworkServlet 'dispatcherServlet'
2017-08-06 11:46:41.757  INFO 30403 --- [http-nio-8080-exec-1] o.s.web.servlet.DispatcherServlet        : FrameworkServlet 'dispatcherServlet': initialization started
2017-08-06 11:46:41.770  INFO 30403 --- [http-nio-8080-exec-1] o.s.web.servlet.DispatcherServlet        : FrameworkServlet 'dispatcherServlet': initialization completed in 13 ms
2017-08-06 11:48:27.576  INFO 30403 --- [Thread-1] ationConfigEmbeddedWebApplicationContext : Closing org.springframework.boot.context.embedded.AnnotationConfigEmbeddedWebApplicationContext@75881071: startup date [Sun Aug 06 11:46:32 CST 2017]; root of context hierarchy
2017-08-06 11:48:27.578  INFO 30403 --- [Thread-1] o.s.j.e.a.AnnotationMBeanExporter        : Unregistering JMX-exposed beans on shutdown
2017-08-06 11:49:27.964  INFO 30582 --- [main] com.huiyong.SpringPointsApplication      : Starting SpringPointsApplication on pugangdembp.cn.ibm.com with PID 30582 (/Users/pugang/git/Points-project/Server/target/classes started by gangpu in /Users/pugang/git/Points-project/Server)
2017-08-06 11:49:27.999  INFO 30582 --- [main] ationConfigEmbeddedWebApplicationContext : Refreshing org.springframework.boot.context.embedded.AnnotationConfigEmbeddedWebApplicationContext@75881071: startup date [Sun Aug 06 11:49:27 CST 2017]; root of context hierarchy
2017-08-06 11:49:28.375  INFO 30582 --- [main] o.s.b.f.s.DefaultListableBeanFactory     : Overriding bean definition for bean 'beanNameViewResolver': replacing [Root bean: class [null]; scope=; abstract=false; lazyInit=false; autowireMode=3; dependencyCheck=0; autowireCandidate=true; primary=false; factoryBeanName=org.springframework.boot.autoconfigure.web.ErrorMvcAutoConfiguration$WhitelabelErrorViewConfiguration; factoryMethodName=beanNameViewResolver; initMethodName=null; destroyMethodName=(inferred); defined in class path resource [org/springframework/boot/autoconfigure/web/ErrorMvcAutoConfiguration$WhitelabelErrorViewConfiguration.class]] with [Root bean: class [null]; scope=; abstract=false; lazyInit=false; autowireMode=3; dependencyCheck=0; autowireCandidate=true; primary=false; factoryBeanName=org.springframework.boot.autoconfigure.web.WebMvcAutoConfiguration$WebMvcAutoConfigurationAdapter; factoryMethodName=beanNameViewResolver; initMethodName=null; destroyMethodName=(inferred); defined in class path resource [org/springframework/boot/autoconfigure/web/WebMvcAutoConfiguration$WebMvcAutoConfigurationAdapter.class]]
2017-08-06 11:49:28.655  INFO 30582 --- [main] trationDelegate$BeanPostProcessorChecker : Bean 'org.springframework.transaction.annotation.ProxyTransactionManagementConfiguration' of type [class org.springframework.transaction.annotation.ProxyTransactionManagementConfiguration$$EnhancerBySpringCGLIB$$828eb67] is not eligible for getting processed by all BeanPostProcessors (for example: not eligible for auto-proxying)
2017-08-06 11:49:28.667  INFO 30582 --- [main] trationDelegate$BeanPostProcessorChecker : Bean 'transactionAttributeSource' of type [class org.springframework.transaction.annotation.AnnotationTransactionAttributeSource] is not eligible for getting processed by all BeanPostProcessors (for example: not eligible for auto-proxying)
2017-08-06 11:49:28.672  INFO 30582 --- [main] trationDelegate$BeanPostProcessorChecker : Bean 'transactionInterceptor' of type [class org.springframework.transaction.interceptor.TransactionInterceptor] is not eligible for getting processed by all BeanPostProcessors (for example: not eligible for auto-proxying)
2017-08-06 11:49:28.675  INFO 30582 --- [main] trationDelegate$BeanPostProcessorChecker : Bean 'org.springframework.transaction.config.internalTransactionAdvisor' of type [class org.springframework.transaction.interceptor.BeanFactoryTransactionAttributeSourceAdvisor] is not eligible for getting processed by all BeanPostProcessors (for example: not eligible for auto-proxying)
2017-08-06 11:49:28.893  INFO 30582 --- [main] s.b.c.e.t.TomcatEmbeddedServletContainer : Tomcat initialized with port(s): 8080 (http)
2017-08-06 11:49:29.050  INFO 30582 --- [main] o.apache.catalina.core.StandardService   : Starting service Tomcat
2017-08-06 11:49:29.051  INFO 30582 --- [main] org.apache.catalina.core.StandardEngine  : Starting Servlet Engine: Apache Tomcat/8.0.20
2017-08-06 11:49:29.117  INFO 30582 --- [localhost-startStop-1] o.a.c.c.C.[.[localhost].[/pointservice]  : Initializing Spring embedded WebApplicationContext
2017-08-06 11:49:29.118  INFO 30582 --- [localhost-startStop-1] o.s.web.context.ContextLoader            : Root WebApplicationContext: initialization completed in 1121 ms
2017-08-06 11:49:29.519  INFO 30582 --- [localhost-startStop-1] o.s.b.c.e.ServletRegistrationBean        : Mapping servlet: 'dispatcherServlet' to [/]
2017-08-06 11:49:29.522  INFO 30582 --- [localhost-startStop-1] o.s.b.c.embedded.FilterRegistrationBean  : Mapping filter: 'characterEncodingFilter' to: [/*]
2017-08-06 11:49:29.522  INFO 30582 --- [localhost-startStop-1] o.s.b.c.embedded.FilterRegistrationBean  : Mapping filter: 'hiddenHttpMethodFilter' to: [/*]
2017-08-06 11:49:29.924  INFO 30582 --- [main] o.s.jdbc.datasource.init.ScriptUtils     : Executing SQL script from URL [file:/Users/pugang/git/Points-project/Server/target/classes/schema.sql]
2017-08-06 11:49:29.931  INFO 30582 --- [main] o.s.jdbc.datasource.init.ScriptUtils     : Executed SQL script from URL [file:/Users/pugang/git/Points-project/Server/target/classes/schema.sql] in 7 ms.
2017-08-06 11:49:30.222  INFO 30582 --- [main] s.w.s.m.m.a.RequestMappingHandlerAdapter : Looking for @ControllerAdvice: org.springframework.boot.context.embedded.AnnotationConfigEmbeddedWebApplicationContext@75881071: startup date [Sun Aug 06 11:49:27 CST 2017]; root of context hierarchy
2017-08-06 11:49:30.259  INFO 30582 --- [main] s.w.s.m.m.a.RequestMappingHandlerMapping : Mapped "{[/paper/{id}],methods=[GET],params=[],headers=[],consumes=[],produces=[application/json;charset=UTF-8],custom=[]}" onto public org.springframework.http.ResponseEntity<?> com.huiyong.controller.PaperController.getPaper(int)
2017-08-06 11:49:30.260  INFO 30582 --- [main] s.w.s.m.m.a.RequestMappingHandlerMapping : Mapped "{[/score/test/test],methods=[GET],params=[],headers=[],consumes=[],produces=[application/json;charset=UTF-8],custom=[]}" onto public org.springframework.http.ResponseEntity<?> com.huiyong.controller.ScoreController.testScore()
2017-08-06 11:49:30.260  INFO 30582 --- [main] s.w.s.m.m.a.RequestMappingHandlerMapping : Mapped "{[/score/{username}],methods=[GET],params=[],headers=[],consumes=[],produces=[application/json;charset=UTF-8],custom=[]}" onto public org.springframework.http.ResponseEntity<?> com.huiyong.controller.ScoreController.getScore(java.lang.String,java.lang.String,java.lang.Boolean)
2017-08-06 11:49:30.260  INFO 30582 --- [main] s.w.s.m.m.a.RequestMappingHandlerMapping : Mapped "{[/score/{username}],methods=[POST],params=[],headers=[],consumes=[],produces=[],custom=[]}" onto public org.springframework.http.ResponseEntity<java.lang.String> com.huiyong.controller.ScoreController.addScore(java.lang.String,com.huiyong.model.Score)
2017-08-06 11:49:30.261  INFO 30582 --- [main] s.w.s.m.m.a.RequestMappingHandlerMapping : Mapped "{[/user],methods=[POST],params=[],headers=[],consumes=[],produces=[],custom=[]}" onto public org.springframework.http.ResponseEntity<?> com.huiyong.controller.UserController.addUser(com.huiyong.model.User)
2017-08-06 11:49:30.261  INFO 30582 --- [main] s.w.s.m.m.a.RequestMappingHandlerMapping : Mapped "{[/login],methods=[POST],params=[],headers=[],consumes=[],produces=[application/json;charset=UTF-8],custom=[]}" onto public org.springframework.http.ResponseEntity<?> com.huiyong.controller.UserController.login(com.huiyong.model.User)
2017-08-06 11:49:30.261  INFO 30582 --- [main] s.w.s.m.m.a.RequestMappingHandlerMapping : Mapped "{[/branch/users],methods=[GET],params=[],headers=[],consumes=[],produces=[application/json;charset=UTF-8],custom=[]}" onto public org.springframework.http.ResponseEntity<?> com.huiyong.controller.UserController.getUsers(java.lang.String)
2017-08-06 11:49:30.262  INFO 30582 --- [main] s.w.s.m.m.a.RequestMappingHandlerMapping : Mapped "{[/error],methods=[],params=[],headers=[],consumes=[],produces=[],custom=[]}" onto public org.springframework.http.ResponseEntity<java.util.Map<java.lang.String, java.lang.Object>> org.springframework.boot.autoconfigure.web.BasicErrorController.error(javax.servlet.http.HttpServletRequest)
2017-08-06 11:49:30.262  INFO 30582 --- [main] s.w.s.m.m.a.RequestMappingHandlerMapping : Mapped "{[/error],methods=[],params=[],headers=[],consumes=[],produces=[text/html],custom=[]}" onto public org.springframework.web.servlet.ModelAndView org.springframework.boot.autoconfigure.web.BasicErrorController.errorHtml(javax.servlet.http.HttpServletRequest)
2017-08-06 11:49:30.277  INFO 30582 --- [main] o.s.w.s.handler.SimpleUrlHandlerMapping  : Mapped URL path [/webjars/**] onto handler of type [class org.springframework.web.servlet.resource.ResourceHttpRequestHandler]
2017-08-06 11:49:30.277  INFO 30582 --- [main] o.s.w.s.handler.SimpleUrlHandlerMapping  : Mapped URL path [/**] onto handler of type [class org.springframework.web.servlet.resource.ResourceHttpRequestHandler]
2017-08-06 11:49:30.301  INFO 30582 --- [main] o.s.w.s.handler.SimpleUrlHandlerMapping  : Mapped URL path [/**/favicon.ico] onto handler of type [class org.springframework.web.servlet.resource.ResourceHttpRequestHandler]
2017-08-06 11:49:30.378  INFO 30582 --- [main] o.s.j.e.a.AnnotationMBeanExporter        : Registering beans for JMX exposure on startup
2017-08-06 11:49:30.424  INFO 30582 --- [main] s.b.c.e.t.TomcatEmbeddedServletContainer : Tomcat started on port(s): 8080 (http)
2017-08-06 11:49:30.426  INFO 30582 --- [main] com.huiyong.SpringPointsApplication      : Started SpringPointsApplication in 2.643 seconds (JVM running for 2.907)
2017-08-06 11:49:40.051  INFO 30582 --- [http-nio-8080-exec-1] o.a.c.c.C.[.[localhost].[/pointservice]  : Initializing Spring FrameworkServlet 'dispatcherServlet'
2017-08-06 11:49:40.052  INFO 30582 --- [http-nio-8080-exec-1] o.s.web.servlet.DispatcherServlet        : FrameworkServlet 'dispatcherServlet': initialization started
2017-08-06 11:49:40.068  INFO 30582 --- [http-nio-8080-exec-1] o.s.web.servlet.DispatcherServlet        : FrameworkServlet 'dispatcherServlet': initialization completed in 16 ms
2017-08-06 11:49:46.762  WARN 30582 --- [http-nio-8080-exec-2] o.s.web.servlet.PageNotFound             : Request method 'POST' not supported
2017-08-06 11:51:33.274  INFO 30582 --- [Thread-1] ationConfigEmbeddedWebApplicationContext : Closing org.springframework.boot.context.embedded.AnnotationConfigEmbeddedWebApplicationContext@75881071: startup date [Sun Aug 06 11:49:27 CST 2017]; root of context hierarchy
2017-08-06 11:51:33.275  INFO 30582 --- [Thread-1] o.s.j.e.a.AnnotationMBeanExporter        : Unregistering JMX-exposed beans on shutdown
2017-08-06 11:51:59.262  INFO 30587 --- [main] com.huiyong.SpringPointsApplication      : Starting SpringPointsApplication on pugangdembp.cn.ibm.com with PID 30587 (/Users/pugang/git/Points-project/Server/target/classes started by gangpu in /Users/pugang/git/Points-project/Server)
2017-08-06 11:51:59.297  INFO 30587 --- [main] ationConfigEmbeddedWebApplicationContext : Refreshing org.springframework.boot.context.embedded.AnnotationConfigEmbeddedWebApplicationContext@2a70a3d8: startup date [Sun Aug 06 11:51:59 CST 2017]; root of context hierarchy
2017-08-06 11:51:59.676  INFO 30587 --- [main] o.s.b.f.s.DefaultListableBeanFactory     : Overriding bean definition for bean 'beanNameViewResolver': replacing [Root bean: class [null]; scope=; abstract=false; lazyInit=false; autowireMode=3; dependencyCheck=0; autowireCandidate=true; primary=false; factoryBeanName=org.springframework.boot.autoconfigure.web.ErrorMvcAutoConfiguration$WhitelabelErrorViewConfiguration; factoryMethodName=beanNameViewResolver; initMethodName=null; destroyMethodName=(inferred); defined in class path resource [org/springframework/boot/autoconfigure/web/ErrorMvcAutoConfiguration$WhitelabelErrorViewConfiguration.class]] with [Root bean: class [null]; scope=; abstract=false; lazyInit=false; autowireMode=3; dependencyCheck=0; autowireCandidate=true; primary=false; factoryBeanName=org.springframework.boot.autoconfigure.web.WebMvcAutoConfiguration$WebMvcAutoConfigurationAdapter; factoryMethodName=beanNameViewResolver; initMethodName=null; destroyMethodName=(inferred); defined in class path resource [org/springframework/boot/autoconfigure/web/WebMvcAutoConfiguration$WebMvcAutoConfigurationAdapter.class]]
2017-08-06 11:51:59.997  INFO 30587 --- [main] trationDelegate$BeanPostProcessorChecker : Bean 'org.springframework.transaction.annotation.ProxyTransactionManagementConfiguration' of type [class org.springframework.transaction.annotation.ProxyTransactionManagementConfiguration$$EnhancerBySpringCGLIB$$a05ab1ce] is not eligible for getting processed by all BeanPostProcessors (for example: not eligible for auto-proxying)
2017-08-06 11:52:00.015  INFO 30587 --- [main] trationDelegate$BeanPostProcessorChecker : Bean 'transactionAttributeSource' of type [class org.springframework.transaction.annotation.AnnotationTransactionAttributeSource] is not eligible for getting processed by all BeanPostProcessors (for example: not eligible for auto-proxying)
2017-08-06 11:52:00.022  INFO 30587 --- [main] trationDelegate$BeanPostProcessorChecker : Bean 'transactionInterceptor' of type [class org.springframework.transaction.interceptor.TransactionInterceptor] is not eligible for getting processed by all BeanPostProcessors (for example: not eligible for auto-proxying)
2017-08-06 11:52:00.024  INFO 30587 --- [main] trationDelegate$BeanPostProcessorChecker : Bean 'org.springframework.transaction.config.internalTransactionAdvisor' of type [class org.springframework.transaction.interceptor.BeanFactoryTransactionAttributeSourceAdvisor] is not eligible for getting processed by all BeanPostProcessors (for example: not eligible for auto-proxying)
2017-08-06 11:52:00.263  INFO 30587 --- [main] s.b.c.e.t.TomcatEmbeddedServletContainer : Tomcat initialized with port(s): 8080 (http)
2017-08-06 11:52:00.414  INFO 30587 --- [main] o.apache.catalina.core.StandardService   : Starting service Tomcat
2017-08-06 11:52:00.415  INFO 30587 --- [main] org.apache.catalina.core.StandardEngine  : Starting Servlet Engine: Apache Tomcat/8.0.20
2017-08-06 11:52:00.477  INFO 30587 --- [localhost-startStop-1] o.a.c.c.C.[.[localhost].[/pointservice]  : Initializing Spring embedded WebApplicationContext
2017-08-06 11:52:00.477  INFO 30587 --- [localhost-startStop-1] o.s.web.context.ContextLoader            : Root WebApplicationContext: initialization completed in 1182 ms
2017-08-06 11:52:00.869  INFO 30587 --- [localhost-startStop-1] o.s.b.c.e.ServletRegistrationBean        : Mapping servlet: 'dispatcherServlet' to [/]
2017-08-06 11:52:00.872  INFO 30587 --- [localhost-startStop-1] o.s.b.c.embedded.FilterRegistrationBean  : Mapping filter: 'characterEncodingFilter' to: [/*]
2017-08-06 11:52:00.872  INFO 30587 --- [localhost-startStop-1] o.s.b.c.embedded.FilterRegistrationBean  : Mapping filter: 'hiddenHttpMethodFilter' to: [/*]
2017-08-06 11:52:01.271  INFO 30587 --- [main] o.s.jdbc.datasource.init.ScriptUtils     : Executing SQL script from URL [file:/Users/pugang/git/Points-project/Server/target/classes/schema.sql]
2017-08-06 11:52:01.278  INFO 30587 --- [main] o.s.jdbc.datasource.init.ScriptUtils     : Executed SQL script from URL [file:/Users/pugang/git/Points-project/Server/target/classes/schema.sql] in 7 ms.
2017-08-06 11:52:01.583  INFO 30587 --- [main] s.w.s.m.m.a.RequestMappingHandlerAdapter : Looking for @ControllerAdvice: org.springframework.boot.context.embedded.AnnotationConfigEmbeddedWebApplicationContext@2a70a3d8: startup date [Sun Aug 06 11:51:59 CST 2017]; root of context hierarchy
2017-08-06 11:52:01.620  INFO 30587 --- [main] s.w.s.m.m.a.RequestMappingHandlerMapping : Mapped "{[/paper/{id}],methods=[GET],params=[],headers=[],consumes=[],produces=[application/json;charset=UTF-8],custom=[]}" onto public org.springframework.http.ResponseEntity<?> com.huiyong.controller.PaperController.getPaper(int)
2017-08-06 11:52:01.620  INFO 30587 --- [main] s.w.s.m.m.a.RequestMappingHandlerMapping : Mapped "{[/score/test/test],methods=[GET],params=[],headers=[],consumes=[],produces=[application/json;charset=UTF-8],custom=[]}" onto public org.springframework.http.ResponseEntity<?> com.huiyong.controller.ScoreController.testScore()
2017-08-06 11:52:01.621  INFO 30587 --- [main] s.w.s.m.m.a.RequestMappingHandlerMapping : Mapped "{[/score/{username}],methods=[GET],params=[],headers=[],consumes=[],produces=[application/json;charset=UTF-8],custom=[]}" onto public org.springframework.http.ResponseEntity<?> com.huiyong.controller.ScoreController.getScore(java.lang.String,java.lang.String,java.lang.Boolean)
2017-08-06 11:52:01.621  INFO 30587 --- [main] s.w.s.m.m.a.RequestMappingHandlerMapping : Mapped "{[/score/{username}],methods=[POST],params=[],headers=[],consumes=[],produces=[],custom=[]}" onto public org.springframework.http.ResponseEntity<java.lang.String> com.huiyong.controller.ScoreController.addScore(java.lang.String,com.huiyong.model.Score)
2017-08-06 11:52:01.621  INFO 30587 --- [main] s.w.s.m.m.a.RequestMappingHandlerMapping : Mapped "{[/user],methods=[POST],params=[],headers=[],consumes=[],produces=[],custom=[]}" onto public org.springframework.http.ResponseEntity<?> com.huiyong.controller.UserController.addUser(com.huiyong.model.User)
2017-08-06 11:52:01.622  INFO 30587 --- [main] s.w.s.m.m.a.RequestMappingHandlerMapping : Mapped "{[/branch/users],methods=[GET],params=[],headers=[],consumes=[],produces=[application/json;charset=UTF-8],custom=[]}" onto public org.springframework.http.ResponseEntity<?> com.huiyong.controller.UserController.getUsers(java.lang.String)
2017-08-06 11:52:01.622  INFO 30587 --- [main] s.w.s.m.m.a.RequestMappingHandlerMapping : Mapped "{[/login],methods=[POST],params=[],headers=[],consumes=[],produces=[application/json;charset=UTF-8],custom=[]}" onto public org.springframework.http.ResponseEntity<?> com.huiyong.controller.UserController.login(com.huiyong.model.User)
2017-08-06 11:52:01.623  INFO 30587 --- [main] s.w.s.m.m.a.RequestMappingHandlerMapping : Mapped "{[/error],methods=[],params=[],headers=[],consumes=[],produces=[],custom=[]}" onto public org.springframework.http.ResponseEntity<java.util.Map<java.lang.String, java.lang.Object>> org.springframework.boot.autoconfigure.web.BasicErrorController.error(javax.servlet.http.HttpServletRequest)
2017-08-06 11:52:01.623  INFO 30587 --- [main] s.w.s.m.m.a.RequestMappingHandlerMapping : Mapped "{[/error],methods=[],params=[],headers=[],consumes=[],produces=[text/html],custom=[]}" onto public org.springframework.web.servlet.ModelAndView org.springframework.boot.autoconfigure.web.BasicErrorController.errorHtml(javax.servlet.http.HttpServletRequest)
2017-08-06 11:52:01.644  INFO 30587 --- [main] o.s.w.s.handler.SimpleUrlHandlerMapping  : Mapped URL path [/webjars/**] onto handler of type [class org.springframework.web.servlet.resource.ResourceHttpRequestHandler]
2017-08-06 11:52:01.644  INFO 30587 --- [main] o.s.w.s.handler.SimpleUrlHandlerMapping  : Mapped URL path [/**] onto handler of type [class org.springframework.web.servlet.resource.ResourceHttpRequestHandler]
2017-08-06 11:52:01.668  INFO 30587 --- [main] o.s.w.s.handler.SimpleUrlHandlerMapping  : Mapped URL path [/**/favicon.ico] onto handler of type [class org.springframework.web.servlet.resource.ResourceHttpRequestHandler]
2017-08-06 11:52:01.749  INFO 30587 --- [main] o.s.j.e.a.AnnotationMBeanExporter        : Registering beans for JMX exposure on startup
2017-08-06 11:52:01.807  INFO 30587 --- [main] s.b.c.e.t.TomcatEmbeddedServletContainer : Tomcat started on port(s): 8080 (http)
2017-08-06 11:52:01.810  INFO 30587 --- [main] com.huiyong.SpringPointsApplication      : Started SpringPointsApplication in 2.734 seconds (JVM running for 2.993)
2017-08-06 11:52:10.834  INFO 30587 --- [http-nio-8080-exec-1] o.a.c.c.C.[.[localhost].[/pointservice]  : Initializing Spring FrameworkServlet 'dispatcherServlet'
2017-08-06 11:52:10.834  INFO 30587 --- [http-nio-8080-exec-1] o.s.web.servlet.DispatcherServlet        : FrameworkServlet 'dispatcherServlet': initialization started
2017-08-06 11:52:10.850  INFO 30587 --- [http-nio-8080-exec-1] o.s.web.servlet.DispatcherServlet        : FrameworkServlet 'dispatcherServlet': initialization completed in 16 ms
2017-08-06 11:53:02.845  INFO 30587 --- [Thread-1] ationConfigEmbeddedWebApplicationContext : Closing org.springframework.boot.context.embedded.AnnotationConfigEmbeddedWebApplicationContext@2a70a3d8: startup date [Sun Aug 06 11:51:59 CST 2017]; root of context hierarchy
2017-08-06 11:53:02.846  INFO 30587 --- [Thread-1] o.s.j.e.a.AnnotationMBeanExporter        : Unregistering JMX-exposed beans on shutdown
